0 info it worked if it ends with ok
1 verbose cli [ '/usr/bin/node', '/usr/bin/npm', 'i' ]
2 info using npm@3.5.2
3 info using node@v8.10.0
4 silly loadCurrentTree Starting
5 silly install loadCurrentTree
6 silly install readLocalPackageData
7 silly install normalizeTree
8 silly loadCurrentTree Finishing
9 silly loadIdealTree Starting
10 silly install loadIdealTree
11 silly cloneCurrentTree Starting
12 silly install cloneCurrentTreeToIdealTree
13 silly cloneCurrentTree Finishing
14 silly loadShrinkwrap Starting
15 silly install loadShrinkwrap
16 silly loadShrinkwrap Finishing
17 silly loadAllDepsIntoIdealTree Starting
18 silly install loadAllDepsIntoIdealTree
19 silly fetchNamedPackageData concurrently
20 silly mapToRegistry name concurrently
21 silly mapToRegistry using default registry
22 silly mapToRegistry registry https://registry.npmjs.org/
23 silly mapToRegistry uri https://registry.npmjs.org/concurrently
24 silly fetchNamedPackageData express
25 silly mapToRegistry name express
26 silly mapToRegistry using default registry
27 silly mapToRegistry registry https://registry.npmjs.org/
28 silly mapToRegistry uri https://registry.npmjs.org/express
29 silly fetchNamedPackageData nodemon
30 silly mapToRegistry name nodemon
31 silly mapToRegistry using default registry
32 silly mapToRegistry registry https://registry.npmjs.org/
33 silly mapToRegistry uri https://registry.npmjs.org/nodemon
34 verbose request uri https://registry.npmjs.org/concurrently
35 verbose request no auth needed
36 info attempt registry request try #1 at 10:06:58 PM
37 verbose request id 875a094ffcc17bcc
38 verbose etag W/"649b428ea1bcf8a79d262e30eb10ce3f"
39 verbose lastModified Mon, 24 May 2021 10:45:26 GMT
40 http request GET https://registry.npmjs.org/concurrently
41 verbose request uri https://registry.npmjs.org/express
42 verbose request no auth needed
43 info attempt registry request try #1 at 10:06:58 PM
44 verbose etag W/"136cf020199f4e921422df02b62e8c80"
45 verbose lastModified Wed, 16 Jun 2021 11:44:55 GMT
46 http request GET https://registry.npmjs.org/express
47 verbose request uri https://registry.npmjs.org/nodemon
48 verbose request no auth needed
49 info attempt registry request try #1 at 10:06:58 PM
50 verbose etag W/"d7e075f29bf7cf3f80d804672e917387"
51 verbose lastModified Tue, 18 May 2021 17:16:32 GMT
52 http request GET https://registry.npmjs.org/nodemon
53 http 304 https://registry.npmjs.org/nodemon
54 verbose headers { date: 'Wed, 23 Jun 2021 22:06:58 GMT',
54 verbose headers   connection: 'keep-alive',
54 verbose headers   'cf-ray': '664106cf2eea2133-SJC',
54 verbose headers   age: '5543',
54 verbose headers   'cache-control': 'public, max-age=300',
54 verbose headers   etag: '"d7e075f29bf7cf3f80d804672e917387"',
54 verbose headers   'last-modified': 'Tue, 18 May 2021 17:16:32 GMT',
54 verbose headers   vary: 'Accept-Encoding',
54 verbose headers   'cf-cache-status': 'HIT',
54 verbose headers   'cf-request-id': '0adc82957d0000213341ae6000000001',
54 verbose headers   'expect-ct': 'max-age=604800, report-uri="https://report-uri.cloudflare.com/cdn-cgi/beacon/expect-ct"',
54 verbose headers   server: 'cloudflare' }
55 silly get cb [ 304,
55 silly get   { date: 'Wed, 23 Jun 2021 22:06:58 GMT',
55 silly get     connection: 'keep-alive',
55 silly get     'cf-ray': '664106cf2eea2133-SJC',
55 silly get     age: '5543',
55 silly get     'cache-control': 'public, max-age=300',
55 silly get     etag: '"d7e075f29bf7cf3f80d804672e917387"',
55 silly get     'last-modified': 'Tue, 18 May 2021 17:16:32 GMT',
55 silly get     vary: 'Accept-Encoding',
55 silly get     'cf-cache-status': 'HIT',
55 silly get     'cf-request-id': '0adc82957d0000213341ae6000000001',
55 silly get     'expect-ct': 'max-age=604800, report-uri="https://report-uri.cloudflare.com/cdn-cgi/beacon/expect-ct"',
55 silly get     server: 'cloudflare' } ]
56 verbose etag https://registry.npmjs.org/nodemon from cache
57 verbose get saving nodemon to /home/kainoa/.npm/registry.npmjs.org/nodemon/.cache.json
58 http 304 https://registry.npmjs.org/express
59 verbose headers { date: 'Wed, 23 Jun 2021 22:06:58 GMT',
59 verbose headers   connection: 'keep-alive',
59 verbose headers   'cf-ray': '664106cf2fd12574-SJC',
59 verbose headers   age: '2452',
59 verbose headers   'cache-control': 'public, max-age=300',
59 verbose headers   etag: '"136cf020199f4e921422df02b62e8c80"',
59 verbose headers   'last-modified': 'Wed, 16 Jun 2021 11:44:55 GMT',
59 verbose headers   vary: 'Accept-Encoding',
59 verbose headers   'cf-cache-status': 'HIT',
59 verbose headers   'cf-request-id': '0adc82957c000025741d8f6000000001',
59 verbose headers   'expect-ct': 'max-age=604800, report-uri="https://report-uri.cloudflare.com/cdn-cgi/beacon/expect-ct"',
59 verbose headers   server: 'cloudflare' }
60 silly get cb [ 304,
60 silly get   { date: 'Wed, 23 Jun 2021 22:06:58 GMT',
60 silly get     connection: 'keep-alive',
60 silly get     'cf-ray': '664106cf2fd12574-SJC',
60 silly get     age: '2452',
60 silly get     'cache-control': 'public, max-age=300',
60 silly get     etag: '"136cf020199f4e921422df02b62e8c80"',
60 silly get     'last-modified': 'Wed, 16 Jun 2021 11:44:55 GMT',
60 silly get     vary: 'Accept-Encoding',
60 silly get     'cf-cache-status': 'HIT',
60 silly get     'cf-request-id': '0adc82957c000025741d8f6000000001',
60 silly get     'expect-ct': 'max-age=604800, report-uri="https://report-uri.cloudflare.com/cdn-cgi/beacon/expect-ct"',
60 silly get     server: 'cloudflare' } ]
61 verbose etag https://registry.npmjs.org/express from cache
62 verbose get saving express to /home/kainoa/.npm/registry.npmjs.org/express/.cache.json
63 http 304 https://registry.npmjs.org/concurrently
64 verbose headers { date: 'Wed, 23 Jun 2021 22:06:58 GMT',
64 verbose headers   connection: 'keep-alive',
64 verbose headers   'cf-ray': '664106cf2d7f6e00-SJC',
64 verbose headers   age: '2653',
64 verbose headers   'cache-control': 'public, max-age=300',
64 verbose headers   etag: '"649b428ea1bcf8a79d262e30eb10ce3f"',
64 verbose headers   'last-modified': 'Mon, 24 May 2021 10:45:26 GMT',
64 verbose headers   vary: 'Accept-Encoding',
64 verbose headers   'cf-cache-status': 'HIT',
64 verbose headers   'cf-request-id': '0adc82957c00006e00c4b80000000001',
64 verbose headers   'expect-ct': 'max-age=604800, report-uri="https://report-uri.cloudflare.com/cdn-cgi/beacon/expect-ct"',
64 verbose headers   server: 'cloudflare' }
65 silly get cb [ 304,
65 silly get   { date: 'Wed, 23 Jun 2021 22:06:58 GMT',
65 silly get     connection: 'keep-alive',
65 silly get     'cf-ray': '664106cf2d7f6e00-SJC',
65 silly get     age: '2653',
65 silly get     'cache-control': 'public, max-age=300',
65 silly get     etag: '"649b428ea1bcf8a79d262e30eb10ce3f"',
65 silly get     'last-modified': 'Mon, 24 May 2021 10:45:26 GMT',
65 silly get     vary: 'Accept-Encoding',
65 silly get     'cf-cache-status': 'HIT',
65 silly get     'cf-request-id': '0adc82957c00006e00c4b80000000001',
65 silly get     'expect-ct': 'max-age=604800, report-uri="https://report-uri.cloudflare.com/cdn-cgi/beacon/expect-ct"',
65 silly get     server: 'cloudflare' } ]
66 verbose etag https://registry.npmjs.org/concurrently from cache
67 verbose get saving concurrently to /home/kainoa/.npm/registry.npmjs.org/concurrently/.cache.json
68 silly resolveWithNewModule nodemon@2.0.7 checking installable status
69 silly cache add args [ 'nodemon@^2.0.7', null ]
70 verbose cache add spec nodemon@^2.0.7
71 silly cache add parsed spec Result {
71 silly cache add   raw: 'nodemon@^2.0.7',
71 silly cache add   scope: null,
71 silly cache add   name: 'nodemon',
71 silly cache add   rawSpec: '^2.0.7',
71 silly cache add   spec: '>=2.0.7 <3.0.0',
71 silly cache add   type: 'range' }
72 silly addNamed nodemon@>=2.0.7 <3.0.0
73 verbose addNamed ">=2.0.7 <3.0.0" is a valid semver range for nodemon
74 silly addNameRange { name: 'nodemon', range: '>=2.0.7 <3.0.0', hasData: false }
75 silly mapToRegistry name nodemon
76 silly mapToRegistry using default registry
77 silly mapToRegistry registry https://registry.npmjs.org/
78 silly mapToRegistry uri https://registry.npmjs.org/nodemon
79 verbose addNameRange registry:https://registry.npmjs.org/nodemon not in flight; fetching
80 silly resolveWithNewModule express@4.17.1 checking installable status
81 silly cache add args [ 'express@^4.17.1', null ]
82 verbose cache add spec express@^4.17.1
83 silly cache add parsed spec Result {
83 silly cache add   raw: 'express@^4.17.1',
83 silly cache add   scope: null,
83 silly cache add   name: 'express',
83 silly cache add   rawSpec: '^4.17.1',
83 silly cache add   spec: '>=4.17.1 <5.0.0',
83 silly cache add   type: 'range' }
84 silly addNamed express@>=4.17.1 <5.0.0
85 verbose addNamed ">=4.17.1 <5.0.0" is a valid semver range for express
86 silly addNameRange { name: 'express', range: '>=4.17.1 <5.0.0', hasData: false }
87 silly mapToRegistry name express
88 silly mapToRegistry using default registry
89 silly mapToRegistry registry https://registry.npmjs.org/
90 silly mapToRegistry uri https://registry.npmjs.org/express
91 verbose addNameRange registry:https://registry.npmjs.org/express not in flight; fetching
92 silly resolveWithNewModule concurrently@6.2.0 checking installable status
93 silly cache add args [ 'concurrently@^6.0.0', null ]
94 verbose cache add spec concurrently@^6.0.0
95 silly cache add parsed spec Result {
95 silly cache add   raw: 'concurrently@^6.0.0',
95 silly cache add   scope: null,
95 silly cache add   name: 'concurrently',
95 silly cache add   rawSpec: '^6.0.0',
95 silly cache add   spec: '>=6.0.0 <7.0.0',
95 silly cache add   type: 'range' }
96 silly addNamed concurrently@>=6.0.0 <7.0.0
97 verbose addNamed ">=6.0.0 <7.0.0" is a valid semver range for concurrently
98 silly addNameRange { name: 'concurrently', range: '>=6.0.0 <7.0.0', hasData: false }
99 silly mapToRegistry name concurrently
100 silly mapToRegistry using default registry
101 silly mapToRegistry registry https://registry.npmjs.org/
102 silly mapToRegistry uri https://registry.npmjs.org/concurrently
103 verbose addNameRange registry:https://registry.npmjs.org/concurrently not in flight; fetching
104 verbose get https://registry.npmjs.org/nodemon not expired, no request
105 silly addNameRange number 2 { name: 'nodemon', range: '>=2.0.7 <3.0.0', hasData: true }
106 silly addNameRange versions [ 'nodemon',
106 silly addNameRange   [ '0.1.4',
106 silly addNameRange     '0.1.5',
106 silly addNameRange     '0.1.6',
106 silly addNameRange     '0.1.7',
106 silly addNameRange     '0.1.8',
106 silly addNameRange     '0.2.0',
106 silly addNameRange     '0.2.1',
106 silly addNameRange     '0.2.2',
106 silly addNameRange     '0.3.0',
106 silly addNameRange     '0.3.1',
106 silly addNameRange     '0.3.2',
106 silly addNameRange     '0.4.0',
106 silly addNameRange     '0.4.1',
106 silly addNameRange     '0.5.0',
106 silly addNameRange     '0.5.1',
106 silly addNameRange     '0.5.2',
106 silly addNameRange     '0.5.3',
106 silly addNameRange     '0.5.4',
106 silly addNameRange     '0.5.5',
106 silly addNameRange     '0.5.6',
106 silly addNameRange     '0.5.7',
106 silly addNameRange     '0.6.0',
106 silly addNameRange     '0.6.1',
106 silly addNameRange     '0.6.2',
106 silly addNameRange     '0.6.3',
106 silly addNameRange     '0.6.4',
106 silly addNameRange     '0.6.5',
106 silly addNameRange     '0.6.6',
106 silly addNameRange     '0.6.7',
106 silly addNameRange     '0.6.8',
106 silly addNameRange     '0.6.9',
106 silly addNameRange     '0.6.10',
106 silly addNameRange     '0.6.11',
106 silly addNameRange     '0.6.12',
106 silly addNameRange     '0.6.13',
106 silly addNameRange     '0.6.14',
106 silly addNameRange     '0.6.15',
106 silly addNameRange     '0.6.16',
106 silly addNameRange     '0.6.17',
106 silly addNameRange     '0.6.18',
106 silly addNameRange     '0.6.19',
106 silly addNameRange     '0.6.20',
106 silly addNameRange     '0.6.21',
106 silly addNameRange     '0.6.22',
106 silly addNameRange     '0.6.23',
106 silly addNameRange     '0.7.0',
106 silly addNameRange     '0.7.1',
106 silly addNameRange     '0.7.2',
106 silly addNameRange     '0.7.3',
106 silly addNameRange     '0.7.4',
106 silly addNameRange     '0.7.5',
106 silly addNameRange     '0.7.6',
106 silly addNameRange     '0.7.7',
106 silly addNameRange     '0.7.8',
106 silly addNameRange     '0.7.10',
106 silly addNameRange     '0.9.0',
106 silly addNameRange     '0.9.1',
106 silly addNameRange     '0.9.2',
106 silly addNameRange     '0.9.3',
106 silly addNameRange     '0.9.5',
106 silly addNameRange     '0.9.6',
106 silly addNameRange     '0.9.7',
106 silly addNameRange     '0.9.10',
106 silly addNameRange     '0.9.11',
106 silly addNameRange     '0.9.12',
106 silly addNameRange     '0.9.14',
106 silly addNameRange     '0.9.16',
106 silly addNameRange     '0.9.17',
106 silly addNameRange     '1.0.0',
106 silly addNameRange     '1.0.1',
106 silly addNameRange     '1.0.2',
106 silly addNameRange     '1.0.2-rc',
106 silly addNameRange     '0.6.10-a',
106 silly addNameRange     '1.0.2-rc3',
106 silly addNameRange     '1.0.2-rc4',
106 silly addNameRange     '1.0.3',
106 silly addNameRange     '1.0.4',
106 silly addNameRange     '1.0.5',
106 silly addNameRange     '1.0.6',
106 silly addNameRange     '1.0.7',
106 silly addNameRange     '1.0.8',
106 silly addNameRange     '1.0.9',
106 silly addNameRange     '1.0.10',
106 silly addNameRange     '1.0.11',
106 silly addNameRange     '1.0.12',
106 silly addNameRange     '1.0.13',
106 silly addNameRange     '1.0.14',
106 silly addNameRange     '1.0.15',
106 silly addNameRange     '1.0.16',
106 silly addNameRange     '1.0.17-rc1',
106 silly addNameRange     '1.0.17-rc2',
106 silly addNameRange     '1.0.17',
106 silly addNameRange     '1.0.18',
106 silly addNameRange     '1.0.19',
106 silly addNameRange     '1.0.20',
106 silly addNameRange     '1.1.0-alpha',
106 silly addNameRange     '1.1.0',
106 silly addNameRange     '1.1.1',
106 silly addNameRange     '1.2.0',
106 silly addNameRange     '1.2.1',
106 silly addNameRange     ... 119 more items ] ]
107 silly addNamed nodemon@2.0.7
108 verbose addNamed "2.0.7" is a plain semver version for nodemon
109 verbose get https://registry.npmjs.org/express not expired, no request
110 silly addNameRange number 2 { name: 'express', range: '>=4.17.1 <5.0.0', hasData: true }
111 silly addNameRange versions [ 'express',
111 silly addNameRange   [ '0.14.0',
111 silly addNameRange     '0.14.1',
111 silly addNameRange     '1.0.0',
111 silly addNameRange     '1.0.1',
111 silly addNameRange     '1.0.2',
111 silly addNameRange     '1.0.3',
111 silly addNameRange     '1.0.4',
111 silly addNameRange     '1.0.5',
111 silly addNameRange     '1.0.6',
111 silly addNameRange     '1.0.7',
111 silly addNameRange     '1.0.8',
111 silly addNameRange     '2.0.0',
111 silly addNameRange     '2.1.0',
111 silly addNameRange     '2.1.1',
111 silly addNameRange     '2.2.0',
111 silly addNameRange     '2.2.1',
111 silly addNameRange     '2.2.2',
111 silly addNameRange     '2.3.0',
111 silly addNameRange     '2.3.1',
111 silly addNameRange     '2.3.2',
111 silly addNameRange     '2.3.3',
111 silly addNameRange     '2.3.4',
111 silly addNameRange     '2.3.5',
111 silly addNameRange     '2.3.6',
111 silly addNameRange     '2.3.7',
111 silly addNameRange     '2.3.8',
111 silly addNameRange     '2.3.9',
111 silly addNameRange     '2.3.10',
111 silly addNameRange     '2.3.11',
111 silly addNameRange     '2.3.12',
111 silly addNameRange     '2.4.0',
111 silly addNameRange     '2.4.1',
111 silly addNameRange     '2.4.2',
111 silly addNameRange     '2.4.3',
111 silly addNameRange     '2.4.4',
111 silly addNameRange     '2.4.5',
111 silly addNameRange     '2.4.6',
111 silly addNameRange     '2.4.7',
111 silly addNameRange     '2.5.0',
111 silly addNameRange     '2.5.1',
111 silly addNameRange     '2.5.2',
111 silly addNameRange     '2.5.3',
111 silly addNameRange     '2.5.4',
111 silly addNameRange     '2.5.5',
111 silly addNameRange     '2.5.6',
111 silly addNameRange     '2.5.7',
111 silly addNameRange     '2.5.8',
111 silly addNameRange     '2.5.9',
111 silly addNameRange     '2.5.10',
111 silly addNameRange     '2.5.11',
111 silly addNameRange     '3.0.0',
111 silly addNameRange     '3.0.1',
111 silly addNameRange     '3.0.2',
111 silly addNameRange     '3.0.3',
111 silly addNameRange     '3.0.4',
111 silly addNameRange     '3.0.5',
111 silly addNameRange     '3.0.6',
111 silly addNameRange     '3.1.0',
111 silly addNameRange     '3.1.1',
111 silly addNameRange     '3.1.2',
111 silly addNameRange     '3.2.0',
111 silly addNameRange     '3.2.1',
111 silly addNameRange     '3.2.2',
111 silly addNameRange     '3.2.3',
111 silly addNameRange     '3.2.4',
111 silly addNameRange     '3.2.5',
111 silly addNameRange     '3.2.6',
111 silly addNameRange     '3.3.0',
111 silly addNameRange     '3.3.1',
111 silly addNameRange     '3.3.2',
111 silly addNameRange     '3.3.3',
111 silly addNameRange     '3.3.4',
111 silly addNameRange     '3.3.5',
111 silly addNameRange     '3.3.6',
111 silly addNameRange     '1.0.0-beta',
111 silly addNameRange     '1.0.0-beta2',
111 silly addNameRange     '1.0.0-rc',
111 silly addNameRange     '1.0.0-rc2',
111 silly addNameRange     '1.0.0-rc3',
111 silly addNameRange     '1.0.0-rc4',
111 silly addNameRange     '2.0.0-beta',
111 silly addNameRange     '2.0.0-beta2',
111 silly addNameRange     '2.0.0-beta3',
111 silly addNameRange     '2.0.0-rc',
111 silly addNameRange     '2.0.0-rc2',
111 silly addNameRange     '2.0.0-rc3',
111 silly addNameRange     '3.0.0-alpha1',
111 silly addNameRange     '3.0.0-alpha2',
111 silly addNameRange     '3.0.0-alpha3',
111 silly addNameRange     '3.0.0-alpha4',
111 silly addNameRange     '3.0.0-alpha5',
111 silly addNameRange     '3.0.0-beta1',
111 silly addNameRange     '3.0.0-beta2',
111 silly addNameRange     '3.0.0-beta3',
111 silly addNameRange     '3.0.0-beta4',
111 silly addNameRange     '3.0.0-beta6',
111 silly addNameRange     '3.0.0-beta7',
111 silly addNameRange     '3.0.0-rc1',
111 silly addNameRange     '3.0.0-rc2',
111 silly addNameRange     '3.0.0-rc3',
111 silly addNameRange     ... 164 more items ] ]
112 silly addNamed express@4.17.1
113 verbose addNamed "4.17.1" is a plain semver version for express
114 verbose get https://registry.npmjs.org/concurrently not expired, no request
115 silly addNameRange number 2 { name: 'concurrently', range: '>=6.0.0 <7.0.0', hasData: true }
116 silly addNameRange versions [ 'concurrently',
116 silly addNameRange   [ '0.0.2',
116 silly addNameRange     '0.0.3',
116 silly addNameRange     '0.0.4',
116 silly addNameRange     '0.0.5',
116 silly addNameRange     '0.1.0',
116 silly addNameRange     '0.1.1',
116 silly addNameRange     '1.0.0',
116 silly addNameRange     '2.0.0',
116 silly addNameRange     '2.1.0',
116 silly addNameRange     '2.2.0',
116 silly addNameRange     '3.0.0-dev',
116 silly addNameRange     '3.0.0-rc1',
116 silly addNameRange     '3.0.0',
116 silly addNameRange     '3.1.0',
116 silly addNameRange     '3.2.0',
116 silly addNameRange     '3.3.0',
116 silly addNameRange     '3.4.0',
116 silly addNameRange     '3.5.0',
116 silly addNameRange     '3.5.1',
116 silly addNameRange     '3.6.0',
116 silly addNameRange     '3.6.1',
116 silly addNameRange     '4.0.0',
116 silly addNameRange     '4.0.1',
116 silly addNameRange     '4.1.0',
116 silly addNameRange     '4.1.1',
116 silly addNameRange     '4.1.2',
116 silly addNameRange     '5.0.0',
116 silly addNameRange     '5.0.1',
116 silly addNameRange     '5.0.2',
116 silly addNameRange     '5.1.0',
116 silly addNameRange     '5.2.0',
116 silly addNameRange     '5.3.0',
116 silly addNameRange     '6.0.0',
116 silly addNameRange     '6.0.1',
116 silly addNameRange     '6.0.2',
116 silly addNameRange     '6.1.0',
116 silly addNameRange     '6.2.0' ] ]
117 silly addNamed concurrently@6.2.0
118 verbose addNamed "6.2.0" is a plain semver version for concurrently
119 silly cache afterAdd express@4.17.1
120 verbose afterAdd /home/kainoa/.npm/express/4.17.1/package/package.json not in flight; writing
121 silly cache afterAdd nodemon@2.0.7
122 verbose afterAdd /home/kainoa/.npm/nodemon/2.0.7/package/package.json not in flight; writing
123 silly cache afterAdd concurrently@6.2.0
124 verbose afterAdd /home/kainoa/.npm/concurrently/6.2.0/package/package.json not in flight; writing
125 verbose afterAdd /home/kainoa/.npm/express/4.17.1/package/package.json written
126 verbose afterAdd /home/kainoa/.npm/nodemon/2.0.7/package/package.json written
127 verbose afterAdd /home/kainoa/.npm/concurrently/6.2.0/package/package.json written
128 silly fetchNamedPackageData chalk
129 silly mapToRegistry name chalk
130 silly mapToRegistry using default registry
131 silly mapToRegistry registry https://registry.npmjs.org/
132 silly mapToRegistry uri https://registry.npmjs.org/chalk
133 silly fetchNamedPackageData date-fns
134 silly mapToRegistry name date-fns
135 silly mapToRegistry using default registry
136 silly mapToRegistry registry https://registry.npmjs.org/
137 silly mapToRegistry uri https://registry.npmjs.org/date-fns
138 silly fetchNamedPackageData lodash
139 silly mapToRegistry name lodash
140 silly mapToRegistry using default registry
141 silly mapToRegistry registry https://registry.npmjs.org/
142 silly mapToRegistry uri https://registry.npmjs.org/lodash
143 silly fetchNamedPackageData read-pkg
144 silly mapToRegistry name read-pkg
145 silly mapToRegistry using default registry
146 silly mapToRegistry registry https://registry.npmjs.org/
147 silly mapToRegistry uri https://registry.npmjs.org/read-pkg
148 silly fetchNamedPackageData rxjs
149 silly mapToRegistry name rxjs
150 silly mapToRegistry using default registry
151 silly mapToRegistry registry https://registry.npmjs.org/
152 silly mapToRegistry uri https://registry.npmjs.org/rxjs
153 silly fetchNamedPackageData spawn-command
154 silly mapToRegistry name spawn-command
155 silly mapToRegistry using default registry
156 silly mapToRegistry registry https://registry.npmjs.org/
157 silly mapToRegistry uri https://registry.npmjs.org/spawn-command
158 silly fetchNamedPackageData supports-color
159 silly mapToRegistry name supports-color
160 silly mapToRegistry using default registry
161 silly mapToRegistry registry https://registry.npmjs.org/
162 silly mapToRegistry uri https://registry.npmjs.org/supports-color
163 silly fetchNamedPackageData tree-kill
164 silly mapToRegistry name tree-kill
165 silly mapToRegistry using default registry
166 silly mapToRegistry registry https://registry.npmjs.org/
167 silly mapToRegistry uri https://registry.npmjs.org/tree-kill
168 silly fetchNamedPackageData yargs
169 silly mapToRegistry name yargs
170 silly mapToRegistry using default registry
171 silly mapToRegistry registry https://registry.npmjs.org/
172 silly mapToRegistry uri https://registry.npmjs.org/yargs
173 verbose request uri https://registry.npmjs.org/chalk
174 verbose request no auth needed
175 info attempt registry request try #1 at 10:06:58 PM
176 verbose etag W/"540465cb61ba8c9ba68fdcc3f2393aef"
177 verbose lastModified Mon, 31 May 2021 18:54:53 GMT
178 http request GET https://registry.npmjs.org/chalk
179 verbose request uri https://registry.npmjs.org/date-fns
180 verbose request no auth needed
181 info attempt registry request try #1 at 10:06:58 PM
182 verbose etag W/"050ee8ba55d7bf66539d688db75f0d56"
183 verbose lastModified Wed, 23 Jun 2021 10:46:21 GMT
184 http request GET https://registry.npmjs.org/date-fns
185 verbose request uri https://registry.npmjs.org/lodash
186 verbose request no auth needed
187 info attempt registry request try #1 at 10:06:58 PM
188 verbose etag W/"e33fb22c4896fd7b162bfa2a496c475f"
189 verbose lastModified Sun, 20 Jun 2021 16:05:32 GMT
190 http request GET https://registry.npmjs.org/lodash
191 verbose request uri https://registry.npmjs.org/read-pkg
192 verbose request no auth needed
193 info attempt registry request try #1 at 10:06:58 PM
194 verbose etag W/"1edae65ab4beeed893587e7c72ae85cb"
195 verbose lastModified Sun, 28 Mar 2021 07:02:26 GMT
196 http request GET https://registry.npmjs.org/read-pkg
197 verbose request uri https://registry.npmjs.org/rxjs
198 verbose request no auth needed
199 info attempt registry request try #1 at 10:06:58 PM
200 verbose etag W/"b5d5bcfd9c7e8334afd98404afdf63a3"
201 verbose lastModified Sat, 19 Jun 2021 21:43:50 GMT
202 http request GET https://registry.npmjs.org/rxjs
203 verbose request uri https://registry.npmjs.org/spawn-command
204 verbose request no auth needed
205 info attempt registry request try #1 at 10:06:58 PM
206 verbose etag W/"02458c5a2db2062737716778761792ae"
207 verbose lastModified Sun, 27 May 2018 17:57:12 GMT
208 http request GET https://registry.npmjs.org/spawn-command
209 verbose request uri https://registry.npmjs.org/supports-color
210 verbose request no auth needed
211 info attempt registry request try #1 at 10:06:58 PM
212 verbose etag W/"2a665d6215e5d1fb743409bbae830a7d"
213 verbose lastModified Sat, 29 May 2021 13:06:07 GMT
214 http request GET https://registry.npmjs.org/supports-color
215 verbose request uri https://registry.npmjs.org/tree-kill
216 verbose request no auth needed
217 info attempt registry request try #1 at 10:06:58 PM
218 verbose etag W/"57351de73898c6d3fe06a185ffa36289"
219 verbose lastModified Wed, 11 Dec 2019 18:34:25 GMT
220 http request GET https://registry.npmjs.org/tree-kill
221 verbose request uri https://registry.npmjs.org/yargs
222 verbose request no auth needed
223 info attempt registry request try #1 at 10:06:58 PM
224 verbose etag W/"fb618b4373642969b833551dc8b92d34"
225 verbose lastModified Mon, 03 May 2021 23:57:26 GMT
226 http request GET https://registry.npmjs.org/yargs
227 http 304 https://registry.npmjs.org/chalk
228 verbose headers { date: 'Wed, 23 Jun 2021 22:06:58 GMT',
228 verbose headers   connection: 'keep-alive',
228 verbose headers   'cf-ray': '664106d18a6f2133-SJC',
228 verbose headers   age: '5237',
228 verbose headers   'cache-control': 'public, max-age=300',
228 verbose headers   etag: '"540465cb61ba8c9ba68fdcc3f2393aef"',
228 verbose headers   'last-modified': 'Mon, 31 May 2021 18:54:53 GMT',
228 verbose headers   vary: 'Accept-Encoding',
228 verbose headers   'cf-cache-status': 'HIT',
228 verbose headers   'cf-request-id': '0adc8296f60000213337b75000000001',
228 verbose headers   'expect-ct': 'max-age=604800, report-uri="https://report-uri.cloudflare.com/cdn-cgi/beacon/expect-ct"',
228 verbose headers   server: 'cloudflare' }
229 silly get cb [ 304,
229 silly get   { date: 'Wed, 23 Jun 2021 22:06:58 GMT',
229 silly get     connection: 'keep-alive',
229 silly get     'cf-ray': '664106d18a6f2133-SJC',
229 silly get     age: '5237',
229 silly get     'cache-control': 'public, max-age=300',
229 silly get     etag: '"540465cb61ba8c9ba68fdcc3f2393aef"',
229 silly get     'last-modified': 'Mon, 31 May 2021 18:54:53 GMT',
229 silly get     vary: 'Accept-Encoding',
229 silly get     'cf-cache-status': 'HIT',
229 silly get     'cf-request-id': '0adc8296f60000213337b75000000001',
229 silly get     'expect-ct': 'max-age=604800, report-uri="https://report-uri.cloudflare.com/cdn-cgi/beacon/expect-ct"',
229 silly get     server: 'cloudflare' } ]
230 verbose etag https://registry.npmjs.org/chalk from cache
231 verbose get saving chalk to /home/kainoa/.npm/registry.npmjs.org/chalk/.cache.json
232 http 304 https://registry.npmjs.org/spawn-command
233 verbose headers { date: 'Wed, 23 Jun 2021 22:06:58 GMT',
233 verbose headers   connection: 'keep-alive',
233 verbose headers   'cf-ray': '664106d19b0a2548-SJC',
233 verbose headers   age: '110',
233 verbose headers   'cache-control': 'public, max-age=300',
233 verbose headers   etag: '"02458c5a2db2062737716778761792ae"',
233 verbose headers   'last-modified': 'Sun, 27 May 2018 17:57:12 GMT',
233 verbose headers   vary: 'Accept-Encoding',
233 verbose headers   'cf-cache-status': 'HIT',
233 verbose headers   'cf-request-id': '0adc8296fa0000254880261000000001',
233 verbose headers   'expect-ct': 'max-age=604800, report-uri="https://report-uri.cloudflare.com/cdn-cgi/beacon/expect-ct"',
233 verbose headers   server: 'cloudflare' }
234 silly get cb [ 304,
234 silly get   { date: 'Wed, 23 Jun 2021 22:06:58 GMT',
234 silly get     connection: 'keep-alive',
234 silly get     'cf-ray': '664106d19b0a2548-SJC',
234 silly get     age: '110',
234 silly get     'cache-control': 'public, max-age=300',
234 silly get     etag: '"02458c5a2db2062737716778761792ae"',
234 silly get     'last-modified': 'Sun, 27 May 2018 17:57:12 GMT',
234 silly get     vary: 'Accept-Encoding',
234 silly get     'cf-cache-status': 'HIT',
234 silly get     'cf-request-id': '0adc8296fa0000254880261000000001',
234 silly get     'expect-ct': 'max-age=604800, report-uri="https://report-uri.cloudflare.com/cdn-cgi/beacon/expect-ct"',
234 silly get     server: 'cloudflare' } ]
235 verbose etag https://registry.npmjs.org/spawn-command from cache
236 verbose get saving spawn-command to /home/kainoa/.npm/registry.npmjs.org/spawn-command/.cache.json
237 http 304 https://registry.npmjs.org/lodash
238 verbose headers { date: 'Wed, 23 Jun 2021 22:06:58 GMT',
238 verbose headers   connection: 'keep-alive',
238 verbose headers   'cf-ray': '664106d18de76e00-SJC',
238 verbose headers   age: '122',
238 verbose headers   'cache-control': 'public, max-age=300',
238 verbose headers   etag: '"e33fb22c4896fd7b162bfa2a496c475f"',
238 verbose headers   'last-modified': 'Sun, 20 Jun 2021 16:05:32 GMT',
238 verbose headers   vary: 'Accept-Encoding',
238 verbose headers   'cf-cache-status': 'HIT',
238 verbose headers   'cf-request-id': '0adc8296f500006e00d2183000000001',
238 verbose headers   'expect-ct': 'max-age=604800, report-uri="https://report-uri.cloudflare.com/cdn-cgi/beacon/expect-ct"',
238 verbose headers   server: 'cloudflare' }
239 silly get cb [ 304,
239 silly get   { date: 'Wed, 23 Jun 2021 22:06:58 GMT',
239 silly get     connection: 'keep-alive',
239 silly get     'cf-ray': '664106d18de76e00-SJC',
239 silly get     age: '122',
239 silly get     'cache-control': 'public, max-age=300',
239 silly get     etag: '"e33fb22c4896fd7b162bfa2a496c475f"',
239 silly get     'last-modified': 'Sun, 20 Jun 2021 16:05:32 GMT',
239 silly get     vary: 'Accept-Encoding',
239 silly get     'cf-cache-status': 'HIT',
239 silly get     'cf-request-id': '0adc8296f500006e00d2183000000001',
239 silly get     'expect-ct': 'max-age=604800, report-uri="https://report-uri.cloudflare.com/cdn-cgi/beacon/expect-ct"',
239 silly get     server: 'cloudflare' } ]
240 verbose etag https://registry.npmjs.org/lodash from cache
241 verbose get saving lodash to /home/kainoa/.npm/registry.npmjs.org/lodash/.cache.json
242 http 304 https://registry.npmjs.org/yargs
243 verbose headers { date: 'Wed, 23 Jun 2021 22:06:58 GMT',
243 verbose headers   connection: 'keep-alive',
243 verbose headers   'cf-ray': '664106d19f134d9d-SJC',
243 verbose headers   age: '6692',
243 verbose headers   'cache-control': 'public, max-age=300',
243 verbose headers   etag: '"fb618b4373642969b833551dc8b92d34"',
243 verbose headers   'last-modified': 'Mon, 03 May 2021 23:57:26 GMT',
243 verbose headers   vary: 'Accept-Encoding',
243 verbose headers   'cf-cache-status': 'HIT',
243 verbose headers   'cf-request-id': '0adc8296fb00004d9da9bd0000000001',
243 verbose headers   'expect-ct': 'max-age=604800, report-uri="https://report-uri.cloudflare.com/cdn-cgi/beacon/expect-ct"',
243 verbose headers   server: 'cloudflare' }
244 silly get cb [ 304,
244 silly get   { date: 'Wed, 23 Jun 2021 22:06:58 GMT',
244 silly get     connection: 'keep-alive',
244 silly get     'cf-ray': '664106d19f134d9d-SJC',
244 silly get     age: '6692',
244 silly get     'cache-control': 'public, max-age=300',
244 silly get     etag: '"fb618b4373642969b833551dc8b92d34"',
244 silly get     'last-modified': 'Mon, 03 May 2021 23:57:26 GMT',
244 silly get     vary: 'Accept-Encoding',
244 silly get     'cf-cache-status': 'HIT',
244 silly get     'cf-request-id': '0adc8296fb00004d9da9bd0000000001',
244 silly get     'expect-ct': 'max-age=604800, report-uri="https://report-uri.cloudflare.com/cdn-cgi/beacon/expect-ct"',
244 silly get     server: 'cloudflare' } ]
245 verbose etag https://registry.npmjs.org/yargs from cache
246 verbose get saving yargs to /home/kainoa/.npm/registry.npmjs.org/yargs/.cache.json
247 silly resolveWithNewModule chalk@4.1.1 checking installable status
248 silly cache add args [ 'chalk@^4.1.0', null ]
249 verbose cache add spec chalk@^4.1.0
250 silly cache add parsed spec Result {
250 silly cache add   raw: 'chalk@^4.1.0',
250 silly cache add   scope: null,
250 silly cache add   name: 'chalk',
250 silly cache add   rawSpec: '^4.1.0',
250 silly cache add   spec: '>=4.1.0 <5.0.0',
250 silly cache add   type: 'range' }
251 silly addNamed chalk@>=4.1.0 <5.0.0
252 verbose addNamed ">=4.1.0 <5.0.0" is a valid semver range for chalk
253 silly addNameRange { name: 'chalk', range: '>=4.1.0 <5.0.0', hasData: false }
254 silly mapToRegistry name chalk
255 silly mapToRegistry using default registry
256 silly mapToRegistry registry https://registry.npmjs.org/
257 silly mapToRegistry uri https://registry.npmjs.org/chalk
258 verbose addNameRange registry:https://registry.npmjs.org/chalk not in flight; fetching
259 http 304 https://registry.npmjs.org/date-fns
260 verbose headers { date: 'Wed, 23 Jun 2021 22:06:58 GMT',
260 verbose headers   connection: 'keep-alive',
260 verbose headers   'cf-ray': '664106d18b512574-SJC',
260 verbose headers   age: '3424',
260 verbose headers   'cache-control': 'public, max-age=300',
260 verbose headers   etag: '"050ee8ba55d7bf66539d688db75f0d56"',
260 verbose headers   'last-modified': 'Wed, 23 Jun 2021 10:46:21 GMT',
260 verbose headers   vary: 'Accept-Encoding',
260 verbose headers   'cf-cache-status': 'HIT',
260 verbose headers   'cf-request-id': '0adc8296f500002574788b1000000001',
260 verbose headers   'expect-ct': 'max-age=604800, report-uri="https://report-uri.cloudflare.com/cdn-cgi/beacon/expect-ct"',
260 verbose headers   server: 'cloudflare' }
261 silly get cb [ 304,
261 silly get   { date: 'Wed, 23 Jun 2021 22:06:58 GMT',
261 silly get     connection: 'keep-alive',
261 silly get     'cf-ray': '664106d18b512574-SJC',
261 silly get     age: '3424',
261 silly get     'cache-control': 'public, max-age=300',
261 silly get     etag: '"050ee8ba55d7bf66539d688db75f0d56"',
261 silly get     'last-modified': 'Wed, 23 Jun 2021 10:46:21 GMT',
261 silly get     vary: 'Accept-Encoding',
261 silly get     'cf-cache-status': 'HIT',
261 silly get     'cf-request-id': '0adc8296f500002574788b1000000001',
261 silly get     'expect-ct': 'max-age=604800, report-uri="https://report-uri.cloudflare.com/cdn-cgi/beacon/expect-ct"',
261 silly get     server: 'cloudflare' } ]
262 verbose etag https://registry.npmjs.org/date-fns from cache
263 verbose get saving date-fns to /home/kainoa/.npm/registry.npmjs.org/date-fns/.cache.json
264 http 304 https://registry.npmjs.org/tree-kill
265 verbose headers { date: 'Wed, 23 Jun 2021 22:06:58 GMT',
265 verbose headers   connection: 'keep-alive',
265 verbose headers   'cf-ray': '664106d19b40024a-SJC',
265 verbose headers   age: '3431',
265 verbose headers   'cache-control': 'public, max-age=300',
265 verbose headers   etag: '"57351de73898c6d3fe06a185ffa36289"',
265 verbose headers   'last-modified': 'Wed, 11 Dec 2019 18:34:25 GMT',
265 verbose headers   vary: 'Accept-Encoding',
265 verbose headers   'cf-cache-status': 'HIT',
265 verbose headers   'cf-request-id': '0adc8296fa0000024a36358000000001',
265 verbose headers   'expect-ct': 'max-age=604800, report-uri="https://report-uri.cloudflare.com/cdn-cgi/beacon/expect-ct"',
265 verbose headers   server: 'cloudflare' }
266 silly get cb [ 304,
266 silly get   { date: 'Wed, 23 Jun 2021 22:06:58 GMT',
266 silly get     connection: 'keep-alive',
266 silly get     'cf-ray': '664106d19b40024a-SJC',
266 silly get     age: '3431',
266 silly get     'cache-control': 'public, max-age=300',
266 silly get     etag: '"57351de73898c6d3fe06a185ffa36289"',
266 silly get     'last-modified': 'Wed, 11 Dec 2019 18:34:25 GMT',
266 silly get     vary: 'Accept-Encoding',
266 silly get     'cf-cache-status': 'HIT',
266 silly get     'cf-request-id': '0adc8296fa0000024a36358000000001',
266 silly get     'expect-ct': 'max-age=604800, report-uri="https://report-uri.cloudflare.com/cdn-cgi/beacon/expect-ct"',
266 silly get     server: 'cloudflare' } ]
267 verbose etag https://registry.npmjs.org/tree-kill from cache
268 verbose get saving tree-kill to /home/kainoa/.npm/registry.npmjs.org/tree-kill/.cache.json
269 http 304 https://registry.npmjs.org/rxjs
270 verbose headers { date: 'Wed, 23 Jun 2021 22:06:58 GMT',
270 verbose headers   connection: 'keep-alive',
270 verbose headers   'cf-ray': '664106d19a4ced2f-SJC',
270 verbose headers   age: '4651',
270 verbose headers   'cache-control': 'public, max-age=300',
270 verbose headers   etag: '"b5d5bcfd9c7e8334afd98404afdf63a3"',
270 verbose headers   'last-modified': 'Sat, 19 Jun 2021 21:43:50 GMT',
270 verbose headers   vary: 'Accept-Encoding',
270 verbose headers   'cf-cache-status': 'HIT',
270 verbose headers   'cf-request-id': '0adc8296fb0000ed2fe61c0000000001',
270 verbose headers   'expect-ct': 'max-age=604800, report-uri="https://report-uri.cloudflare.com/cdn-cgi/beacon/expect-ct"',
270 verbose headers   server: 'cloudflare' }
271 silly get cb [ 304,
271 silly get   { date: 'Wed, 23 Jun 2021 22:06:58 GMT',
271 silly get     connection: 'keep-alive',
271 silly get     'cf-ray': '664106d19a4ced2f-SJC',
271 silly get     age: '4651',
271 silly get     'cache-control': 'public, max-age=300',
271 silly get     etag: '"b5d5bcfd9c7e8334afd98404afdf63a3"',
271 silly get     'last-modified': 'Sat, 19 Jun 2021 21:43:50 GMT',
271 silly get     vary: 'Accept-Encoding',
271 silly get     'cf-cache-status': 'HIT',
271 silly get     'cf-request-id': '0adc8296fb0000ed2fe61c0000000001',
271 silly get     'expect-ct': 'max-age=604800, report-uri="https://report-uri.cloudflare.com/cdn-cgi/beacon/expect-ct"',
271 silly get     server: 'cloudflare' } ]
272 verbose etag https://registry.npmjs.org/rxjs from cache
273 verbose get saving rxjs to /home/kainoa/.npm/registry.npmjs.org/rxjs/.cache.json
274 http 304 https://registry.npmjs.org/supports-color
275 verbose headers { date: 'Wed, 23 Jun 2021 22:06:58 GMT',
275 verbose headers   connection: 'keep-alive',
275 verbose headers   'cf-ray': '664106d19be91fa1-SJC',
275 verbose headers   age: '1906',
275 verbose headers   'cache-control': 'public, max-age=300',
275 verbose headers   etag: '"2a665d6215e5d1fb743409bbae830a7d"',
275 verbose headers   'last-modified': 'Sat, 29 May 2021 13:06:07 GMT',
275 verbose headers   vary: 'Accept-Encoding',
275 verbose headers   'cf-cache-status': 'HIT',
275 verbose headers   'cf-request-id': '0adc8296fb00001fa186b96000000001',
275 verbose headers   'expect-ct': 'max-age=604800, report-uri="https://report-uri.cloudflare.com/cdn-cgi/beacon/expect-ct"',
275 verbose headers   server: 'cloudflare' }
276 silly get cb [ 304,
276 silly get   { date: 'Wed, 23 Jun 2021 22:06:58 GMT',
276 silly get     connection: 'keep-alive',
276 silly get     'cf-ray': '664106d19be91fa1-SJC',
276 silly get     age: '1906',
276 silly get     'cache-control': 'public, max-age=300',
276 silly get     etag: '"2a665d6215e5d1fb743409bbae830a7d"',
276 silly get     'last-modified': 'Sat, 29 May 2021 13:06:07 GMT',
276 silly get     vary: 'Accept-Encoding',
276 silly get     'cf-cache-status': 'HIT',
276 silly get     'cf-request-id': '0adc8296fb00001fa186b96000000001',
276 silly get     'expect-ct': 'max-age=604800, report-uri="https://report-uri.cloudflare.com/cdn-cgi/beacon/expect-ct"',
276 silly get     server: 'cloudflare' } ]
277 verbose etag https://registry.npmjs.org/supports-color from cache
278 verbose get saving supports-color to /home/kainoa/.npm/registry.npmjs.org/supports-color/.cache.json
279 http 304 https://registry.npmjs.org/read-pkg
280 verbose headers { date: 'Wed, 23 Jun 2021 22:06:58 GMT',
280 verbose headers   connection: 'keep-alive',
280 verbose headers   'cf-ray': '664106d19ba8939a-SJC',
280 verbose headers   age: '5504',
280 verbose headers   'cache-control': 'public, max-age=300',
280 verbose headers   etag: '"1edae65ab4beeed893587e7c72ae85cb"',
280 verbose headers   'last-modified': 'Sun, 28 Mar 2021 07:02:26 GMT',
280 verbose headers   vary: 'Accept-Encoding',
280 verbose headers   'cf-cache-status': 'HIT',
280 verbose headers   'cf-request-id': '0adc8297020000939a91882000000001',
280 verbose headers   'expect-ct': 'max-age=604800, report-uri="https://report-uri.cloudflare.com/cdn-cgi/beacon/expect-ct"',
280 verbose headers   server: 'cloudflare' }
281 silly get cb [ 304,
281 silly get   { date: 'Wed, 23 Jun 2021 22:06:58 GMT',
281 silly get     connection: 'keep-alive',
281 silly get     'cf-ray': '664106d19ba8939a-SJC',
281 silly get     age: '5504',
281 silly get     'cache-control': 'public, max-age=300',
281 silly get     etag: '"1edae65ab4beeed893587e7c72ae85cb"',
281 silly get     'last-modified': 'Sun, 28 Mar 2021 07:02:26 GMT',
281 silly get     vary: 'Accept-Encoding',
281 silly get     'cf-cache-status': 'HIT',
281 silly get     'cf-request-id': '0adc8297020000939a91882000000001',
281 silly get     'expect-ct': 'max-age=604800, report-uri="https://report-uri.cloudflare.com/cdn-cgi/beacon/expect-ct"',
281 silly get     server: 'cloudflare' } ]
282 verbose etag https://registry.npmjs.org/read-pkg from cache
283 verbose get saving read-pkg to /home/kainoa/.npm/registry.npmjs.org/read-pkg/.cache.json
284 verbose get https://registry.npmjs.org/chalk not expired, no request
285 silly addNameRange number 2 { name: 'chalk', range: '>=4.1.0 <5.0.0', hasData: true }
286 silly addNameRange versions [ 'chalk',
286 silly addNameRange   [ '0.1.0',
286 silly addNameRange     '0.1.1',
286 silly addNameRange     '0.2.0',
286 silly addNameRange     '0.2.1',
286 silly addNameRange     '0.3.0',
286 silly addNameRange     '0.4.0',
286 silly addNameRange     '0.5.0',
286 silly addNameRange     '0.5.1',
286 silly addNameRange     '1.0.0',
286 silly addNameRange     '1.1.0',
286 silly addNameRange     '1.1.1',
286 silly addNameRange     '1.1.2',
286 silly addNameRange     '1.1.3',
286 silly addNameRange     '2.0.0',
286 silly addNameRange     '2.0.1',
286 silly addNameRange     '2.1.0',
286 silly addNameRange     '2.2.0',
286 silly addNameRange     '2.2.2',
286 silly addNameRange     '2.3.0',
286 silly addNameRange     '2.3.1',
286 silly addNameRange     '2.3.2',
286 silly addNameRange     '2.4.0',
286 silly addNameRange     '2.4.1',
286 silly addNameRange     '2.4.2',
286 silly addNameRange     '3.0.0-beta.1',
286 silly addNameRange     '3.0.0-beta.2',
286 silly addNameRange     '3.0.0',
286 silly addNameRange     '4.0.0',
286 silly addNameRange     '4.1.0',
286 silly addNameRange     '4.1.1' ] ]
287 silly addNamed chalk@4.1.1
288 verbose addNamed "4.1.1" is a plain semver version for chalk
289 silly resolveWithNewModule spawn-command@0.0.2-1 checking installable status
290 silly cache add args [ 'spawn-command@^0.0.2-1', null ]
291 verbose cache add spec spawn-command@^0.0.2-1
292 silly cache add parsed spec Result {
292 silly cache add   raw: 'spawn-command@^0.0.2-1',
292 silly cache add   scope: null,
292 silly cache add   name: 'spawn-command',
292 silly cache add   rawSpec: '^0.0.2-1',
292 silly cache add   spec: '>=0.0.2-1 <0.0.3',
292 silly cache add   type: 'range' }
293 silly addNamed spawn-command@>=0.0.2-1 <0.0.3
294 verbose addNamed ">=0.0.2-1 <0.0.3" is a valid semver range for spawn-command
295 silly addNameRange { name: 'spawn-command',
295 silly addNameRange   range: '>=0.0.2-1 <0.0.3',
295 silly addNameRange   hasData: false }
296 silly mapToRegistry name spawn-command
297 silly mapToRegistry using default registry
298 silly mapToRegistry registry https://registry.npmjs.org/
299 silly mapToRegistry uri https://registry.npmjs.org/spawn-command
300 verbose addNameRange registry:https://registry.npmjs.org/spawn-command not in flight; fetching
301 silly resolveWithNewModule lodash@4.17.21 checking installable status
302 silly cache add args [ 'lodash@^4.17.21', null ]
303 verbose cache add spec lodash@^4.17.21
304 silly cache add parsed spec Result {
304 silly cache add   raw: 'lodash@^4.17.21',
304 silly cache add   scope: null,
304 silly cache add   name: 'lodash',
304 silly cache add   rawSpec: '^4.17.21',
304 silly cache add   spec: '>=4.17.21 <5.0.0',
304 silly cache add   type: 'range' }
305 silly addNamed lodash@>=4.17.21 <5.0.0
306 verbose addNamed ">=4.17.21 <5.0.0" is a valid semver range for lodash
307 silly addNameRange { name: 'lodash', range: '>=4.17.21 <5.0.0', hasData: false }
308 silly mapToRegistry name lodash
309 silly mapToRegistry using default registry
310 silly mapToRegistry registry https://registry.npmjs.org/
311 silly mapToRegistry uri https://registry.npmjs.org/lodash
312 verbose addNameRange registry:https://registry.npmjs.org/lodash not in flight; fetching
313 verbose stack Error: Missing required argument #1
313 verbose stack     at andLogAndFinish (/usr/share/npm/lib/fetch-package-metadata.js:31:3)
313 verbose stack     at fetchPackageMetadata (/usr/share/npm/lib/fetch-package-metadata.js:51:22)
313 verbose stack     at resolveWithNewModule (/usr/share/npm/lib/install/deps.js:456:12)
313 verbose stack     at /usr/share/npm/lib/install/deps.js:457:7
313 verbose stack     at /usr/share/npm/node_modules/iferr/index.js:13:50
313 verbose stack     at /usr/share/npm/lib/fetch-package-metadata.js:37:12
313 verbose stack     at addRequestedAndFinish (/usr/share/npm/lib/fetch-package-metadata.js:82:5)
313 verbose stack     at returnAndAddMetadata (/usr/share/npm/lib/fetch-package-metadata.js:117:7)
313 verbose stack     at pickVersionFromRegistryDocument (/usr/share/npm/lib/fetch-package-metadata.js:134:20)
313 verbose stack     at /usr/share/npm/node_modules/iferr/index.js:13:50
314 verbose cwd /home/kainoa/Tutuila_SWB2_WebViewer
315 error Linux 4.15.0-142-generic
316 error argv "/usr/bin/node" "/usr/bin/npm" "i"
317 error node v8.10.0
318 error npm  v3.5.2
319 error code EMISSINGARG
320 error typeerror Error: Missing required argument #1
320 error typeerror     at andLogAndFinish (/usr/share/npm/lib/fetch-package-metadata.js:31:3)
320 error typeerror     at fetchPackageMetadata (/usr/share/npm/lib/fetch-package-metadata.js:51:22)
320 error typeerror     at resolveWithNewModule (/usr/share/npm/lib/install/deps.js:456:12)
320 error typeerror     at /usr/share/npm/lib/install/deps.js:457:7
320 error typeerror     at /usr/share/npm/node_modules/iferr/index.js:13:50
320 error typeerror     at /usr/share/npm/lib/fetch-package-metadata.js:37:12
320 error typeerror     at addRequestedAndFinish (/usr/share/npm/lib/fetch-package-metadata.js:82:5)
320 error typeerror     at returnAndAddMetadata (/usr/share/npm/lib/fetch-package-metadata.js:117:7)
320 error typeerror     at pickVersionFromRegistryDocument (/usr/share/npm/lib/fetch-package-metadata.js:134:20)
320 error typeerror     at /usr/share/npm/node_modules/iferr/index.js:13:50
321 error typeerror This is an error with npm itself. Please report this error at:
321 error typeerror     <http://github.com/npm/npm/issues>
322 verbose exit [ 1, true ]
